0 1 
null
0 
null
0 
0 
0 1 
null
0 
0 1 
0 
0 1 
0 
0 
0 1 
null
null
null
0 1 
0 
0 1 
0 
null
null
0 
0 
0 
0 1 2 
0 
2 2 
0 
null
0 
0 1 2 
0 
null
null
null
0 1 
null
null
0 
null
0 1 2 
0 1 2 
0 
null
null
0 1 
null
null
0 1 2 3 
0 
0 
2 
2 
0 1 
null
0 
null
0 
null
null
2 
0 
0 1 2 
null
null
null
null
null
2 3 5 6 
0 
null
null
0 1 
0 
2 
0 
1 
0 
null
2 
0 
0 
0 1 
0 
null
0 
0 
0 
0 
1 2 
0 
null
0 
0 1 2 
0 
0 
0 
2 
0 
0 2 
0 
2 
0 
1 
null
2 3 
0 
0 
0 
2 
1 
null
0 
0 
0 
2 
2 
0 
0 
null
0 
0 
0 
null
null
0 2 
0 
0 
0 1 
null
null
null
null
null
0 1 
null
null
null
0 
null
null
0 1 
0 
2 3 
0 
0 1 2 
0 1 
null
0 
0 1 
1 2 
null
null
null
0 1 2 
null
0 
null
null
0 
1 
0 1 
null
0 
null
0 
0 1 2 
1 2 
2 3 4 
null
0 
null
null
null
0 
0 
null
null
0 
null
null
1 2 
0 
null
null
0 1 
0 
0 1 
0 
0 
0 
null
0 1 2 3 
null
0 
null
null
1 2 
0 1 
1 2 
0 
1 
null
0 
0 
2 3 4 
null
0 1 
0 1 2 3 
0 
null
0 
null
0 
0 2 3 
1 
1 
0 
null
0 1 
0 
null
0 
null
0 
null
0 
0 
0 
0 
0 
0 
0 
0 1 
null
null
0 
null
null
0 1 
2 3 
null
1 2 
0 
0 
null
0 
null
null
null
0 
null
2 
0 1 
0 
0 
0 
0 
0 
0 
null
0 1 
null
0 1 
0 
0 
0 1 2 
0 
0 
0 
null
0 1 
0 
null
0 
1 2 3 
2 3 4 
0 
null
null
null
0 
null
0 
null
null
0 
0 1 2 3 
null
0 
null
3 5 6 
null
0 1 
0 1 
null
0 
null
null
null
0 
1 
0 
2 
0 
0 
null
null
0 
0 2 3 
null
0 
0 
1 
0 
0 1 2 
1 
null
1 
null
2 3 4 5 
null
0 
0 1 2 
0 
null
0 
null
0 
null
1 2 
0 
null
0 
0 
null
null
1 2 
0 
0 1 
0 1 2 
0 
0 1 
0 
null
null
null
null
null
null
0 
0 1 0 1 
0 1 0 1 
0 
1 
null
0 
0 
1 2 
null
1 
0 
null
1 2 3 
null
0 1 
null
0 1 
1 
null
null
1 
0 
0 1 
1 2 
null
0 
1 
0 1 2 
1 
0 
null
0 
0 
null
null
null
0 
0 
0 1 
null
null
0 
2 3 
0 1 
0 1 
0 1 
1 2 
null
0 
0 1 
null
0 
0 1 
null
0 
0 1 
null
0 
0 
0 
null
0 
null
0 
1 2 3 
1 
0 1 
null
0 1 2 3 
0 
0 1 
0 
null
1 2 3 
null
0 
0 1 2 3 4 
0 
0 1 
2 3 4 5 
0 1 2 3 4 
1 
1 2 
0 
2 
null
0 
0 
null
null
1 
null
0 1 
null
0 1 
null
0 1 
0 1 
0 
0 
0 1 2 3 
null
0 
0 1 
0 
0 
null
